<?xml version="1.0" encoding="UTF-8"?>
<testng-results skipped="0" failed="0" total="5" passed="5">
  <reporter-output>
  </reporter-output>
  <suite name="Default suite" duration-ms="984" started-at="2019-11-01T20:42:57Z" finished-at="2019-11-01T20:42:58Z">
    <groups>
    </groups>
    <test name="Default test" duration-ms="984" started-at="2019-11-01T20:42:57Z" finished-at="2019-11-01T20:42:58Z">
      <class name="com.linecode.ddd.protocolo.ProtocoloServicoUnitTest">
        <test-method status="PASS" signature="configurarContexto()[pri:0, instance:com.linecode.ddd.protocolo.ProtocoloServicoUnitTest@3f56875e]" name="configurarContexto" is-config="true" duration-ms="766" started-at="2019-11-01T17:42:57Z" finished-at="2019-11-01T17:42:58Z">
          <reporter-output>
          </reporter-output>
        </test-method> <!-- configurarContexto -->
        <test-method status="PASS" signature="testAvaliarProtocolo(com.linecode.protocolo.cmd.AvaliarProtocoloCmd, java.lang.String)[pri:0, instance:com.linecode.ddd.protocolo.ProtocoloServicoUnitTest@3f56875e]" name="testAvaliarProtocolo" duration-ms="11" started-at="2019-11-01T17:42:58Z" data-provider="testAvaliarProtocoloDataProvider" finished-at="2019-11-01T17:42:58Z">
          <params>
            <param index="0">
              <value is-null="true"/>
            </param>
            <param index="1">
              <value>
                <![CDATA[Informe os dados da avaliação!]]>
              </value>
            </param>
          </params>
          <reporter-output>
          </reporter-output>
        </test-method> <!-- testAvaliarProtocolo -->
        <test-method status="PASS" signature="testAvaliarProtocolo(com.linecode.protocolo.cmd.AvaliarProtocoloCmd, java.lang.String)[pri:0, instance:com.linecode.ddd.protocolo.ProtocoloServicoUnitTest@3f56875e]" name="testAvaliarProtocolo" duration-ms="152" started-at="2019-11-01T17:42:58Z" data-provider="testAvaliarProtocoloDataProvider" finished-at="2019-11-01T17:42:58Z">
          <params>
            <param index="0">
              <value>
                <![CDATA[com.linecode.protocolo.cmd.AvaliarProtocoloCmd@5241cf67]]>
              </value>
            </param>
            <param index="1">
              <value>
                <![CDATA[Informe a observação.]]>
              </value>
            </param>
          </params>
          <reporter-output>
          </reporter-output>
        </test-method> <!-- testAvaliarProtocolo -->
        <test-method status="PASS" signature="testAvaliarProtocolo(com.linecode.protocolo.cmd.AvaliarProtocoloCmd, java.lang.String)[pri:0, instance:com.linecode.ddd.protocolo.ProtocoloServicoUnitTest@3f56875e]" name="testAvaliarProtocolo" duration-ms="3" started-at="2019-11-01T17:42:58Z" data-provider="testAvaliarProtocoloDataProvider" finished-at="2019-11-01T17:42:58Z">
          <params>
            <param index="0">
              <value>
                <![CDATA[com.linecode.protocolo.cmd.AvaliarProtocoloCmd@460f76a6]]>
              </value>
            </param>
            <param index="1">
              <value>
                <![CDATA[Informe a observação.]]>
              </value>
            </param>
          </params>
          <reporter-output>
          </reporter-output>
        </test-method> <!-- testAvaliarProtocolo -->
        <test-method status="PASS" signature="testAvaliarProtocolo(com.linecode.protocolo.cmd.AvaliarProtocoloCmd, java.lang.String)[pri:0, instance:com.linecode.ddd.protocolo.ProtocoloServicoUnitTest@3f56875e]" name="testAvaliarProtocolo" duration-ms="0" started-at="2019-11-01T17:42:58Z" data-provider="testAvaliarProtocoloDataProvider" finished-at="2019-11-01T17:42:58Z">
          <params>
            <param index="0">
              <value>
                <![CDATA[com.linecode.protocolo.cmd.AvaliarProtocoloCmd@770d4269]]>
              </value>
            </param>
            <param index="1">
              <value>
                <![CDATA[Informe a observação.]]>
              </value>
            </param>
          </params>
          <reporter-output>
          </reporter-output>
        </test-method> <!-- testAvaliarProtocolo -->
        <test-method status="PASS" signature="testAvaliarProtocolo(com.linecode.protocolo.cmd.AvaliarProtocoloCmd, java.lang.String)[pri:0, instance:com.linecode.ddd.protocolo.ProtocoloServicoUnitTest@3f56875e]" name="testAvaliarProtocolo" duration-ms="3" started-at="2019-11-01T17:42:58Z" data-provider="testAvaliarProtocoloDataProvider" finished-at="2019-11-01T17:42:58Z">
          <params>
            <param index="0">
              <value>
                <![CDATA[com.linecode.protocolo.cmd.AvaliarProtocoloCmd@76a82f33]]>
              </value>
            </param>
            <param index="1">
              <value>
                <![CDATA[ID do protocolo inválido.]]>
              </value>
            </param>
          </params>
          <reporter-output>
          </reporter-output>
        </test-method> <!-- testAvaliarProtocolo -->
      </class> <!-- com.linecode.ddd.protocolo.ProtocoloServicoUnitTest -->
    </test> <!-- Default test -->
  </suite> <!-- Default suite -->
</testng-results>
