<?xml version="1.0" encoding="UTF-8"?>
<!-- Generated by org.testng.reporters.JUnitXMLReporter -->
<testsuite hostname="DESKTOP-D30II3N" name="Default test" tests="5" failures="0" timestamp="1 Nov 2019 20:42:58 GMT" time="0.984" errors="0">
  <testcase name="testAvaliarProtocolo" time="0.011" classname="com.linecode.ddd.protocolo.ProtocoloServicoUnitTest"/>
  <testcase name="testAvaliarProtocolo" time="0.152" classname="com.linecode.ddd.protocolo.ProtocoloServicoUnitTest"/>
  <testcase name="testAvaliarProtocolo" time="0.003" classname="com.linecode.ddd.protocolo.ProtocoloServicoUnitTest"/>
  <testcase name="testAvaliarProtocolo" time="0.0" classname="com.linecode.ddd.protocolo.ProtocoloServicoUnitTest"/>
  <testcase name="testAvaliarProtocolo" time="0.003" classname="com.linecode.ddd.protocolo.ProtocoloServicoUnitTest"/>
</testsuite> <!-- Default test -->
