<?xml version="1.0" encoding="UTF-8"?>
<!-- Generated by org.testng.reporters.JUnitXMLReporter -->
<testsuite hostname="DESKTOP-D30II3N" name="Default test" tests="16" failures="0" timestamp="30 Oct 2019 23:36:37 GMT" time="0.873" errors="0">
  <testcase name="testCadastrarDocente" time="0.008" classname="com.linecode.ddd.docente.DocenteServicoUnitTest"/>
  <testcase name="testCadastrarDocente" time="0.09" classname="com.linecode.ddd.docente.DocenteServicoUnitTest"/>
  <testcase name="testCadastrarDocente" time="0.003" classname="com.linecode.ddd.docente.DocenteServicoUnitTest"/>
  <testcase name="testCadastrarDocente" time="0.002" classname="com.linecode.ddd.docente.DocenteServicoUnitTest"/>
  <testcase name="testCadastrarDocente" time="0.018" classname="com.linecode.ddd.docente.DocenteServicoUnitTest"/>
  <testcase name="testCadastrarDocente" time="0.003" classname="com.linecode.ddd.docente.DocenteServicoUnitTest"/>
  <testcase name="testCadastrarDocente" time="0.003" classname="com.linecode.ddd.docente.DocenteServicoUnitTest"/>
  <testcase name="testGetDocentePorEmailSenha" time="0.007" classname="com.linecode.ddd.docente.DocenteServicoUnitTest"/>
  <testcase name="testGetDocentePorEmailSenha" time="0.003" classname="com.linecode.ddd.docente.DocenteServicoUnitTest"/>
  <testcase name="testGetDocentePorEmailSenha" time="0.002" classname="com.linecode.ddd.docente.DocenteServicoUnitTest"/>
  <testcase name="testGetDocentePorEmailSenha" time="0.001" classname="com.linecode.ddd.docente.DocenteServicoUnitTest"/>
  <testcase name="testGetDocentePorEmailSenha" time="0.001" classname="com.linecode.ddd.docente.DocenteServicoUnitTest"/>
  <testcase name="testGetDocentePorEmailSenha" time="0.001" classname="com.linecode.ddd.docente.DocenteServicoUnitTest"/>
  <testcase name="testGetListaSugestaoDocente" time="0.003" classname="com.linecode.ddd.docente.DocenteServicoUnitTest"/>
  <testcase name="testGetListaSugestaoDocente" time="0.004" classname="com.linecode.ddd.docente.DocenteServicoUnitTest"/>
  <testcase name="testGetListaSugestaoDocente" time="0.002" classname="com.linecode.ddd.docente.DocenteServicoUnitTest"/>
</testsuite> <!-- Default test -->
